<?xml version="1.0" encoding="UTF-8"?>
<testng-results ignored="0" total="10" passed="10" failed="0" skipped="0">
  <reporter-output>
  </reporter-output>
  <suite started-at="2023-03-31T17:29:59 IST" name="All Test Suite" finished-at="2023-03-31T17:30:42 IST" duration-ms="43084">
    <groups>
    </groups>
    <test started-at="2023-03-31T17:29:59 IST" name="/Users/varsha.tiwari/Documents/Appium_Resources/ToDoAppUIAuotmation" finished-at="2023-03-31T17:30:42 IST" duration-ms="43084">
      <class name="testScripts.HomePageTest">
        <test-method is-config="true" signature="setUp()[pri:0, instance:testScripts.HomePageTest@4f9a3314]" started-at="2023-03-31T17:29:59 IST" name="setUp" finished-at="2023-03-31T17:29:59 IST" duration-ms="16" status="PASS">
          <reporter-output>
          </reporter-output>
        </test-method> <!-- setUp -->
        <test-method signature="testAddMultipleItemsAndMarkMultipleAsDone(java.lang.String,java.lang.String)[pri:0, instance:testScripts.HomePageTest@4f9a3314]" started-at="2023-03-31T17:30:00 IST" name="testAddMultipleItemsAndMarkMultipleAsDone" data-provider="GetDataFromExcel" finished-at="2023-03-31T17:30:08 IST" duration-ms="8297" status="PASS">
          <params>
            <param index="0">
              <value>
                <![CDATA[testing,shopping,owrjdfnd,43545#@@,party!!]]>
              </value>
            </param>
            <param index="1">
              <value>
                <![CDATA[complete,in_progress,complete,complete,in_progress]]>
              </value>
            </param>
          </params>
          <reporter-output>
          </reporter-output>
        </test-method> <!-- testAddMultipleItemsAndMarkMultipleAsDone -->
        <test-method signature="testAddSingleItemToTheList()[pri:0, instance:testScripts.HomePageTest@4f9a3314]" started-at="2023-03-31T17:30:08 IST" name="testAddSingleItemToTheList" finished-at="2023-03-31T17:30:12 IST" duration-ms="3700" status="PASS">
          <reporter-output>
          </reporter-output>
        </test-method> <!-- testAddSingleItemToTheList -->
        <test-method signature="testAddingEmptyString()[pri:0, instance:testScripts.HomePageTest@4f9a3314]" started-at="2023-03-31T17:30:12 IST" name="testAddingEmptyString" finished-at="2023-03-31T17:30:16 IST" duration-ms="3913" status="PASS">
          <reporter-output>
          </reporter-output>
        </test-method> <!-- testAddingEmptyString -->
        <test-method signature="testAddingStringWithTrailingSpaces()[pri:0, instance:testScripts.HomePageTest@4f9a3314]" started-at="2023-03-31T17:30:16 IST" name="testAddingStringWithTrailingSpaces" finished-at="2023-03-31T17:30:20 IST" duration-ms="3338" status="PASS">
          <reporter-output>
          </reporter-output>
        </test-method> <!-- testAddingStringWithTrailingSpaces -->
        <test-method signature="testAdditionOfMultipleItemsAndSequence([Ljava.lang.String;)[pri:0, instance:testScripts.HomePageTest@4f9a3314]" started-at="2023-03-31T17:30:20 IST" name="testAdditionOfMultipleItemsAndSequence" data-provider="GetListOFRandomData" finished-at="2023-03-31T17:30:23 IST" duration-ms="3674" status="PASS">
          <params>
            <param index="0">
              <value>
                <![CDATA[[Ljava.lang.String;@39ac8c0c]]>
              </value>
            </param>
          </params>
          <reporter-output>
          </reporter-output>
        </test-method> <!-- testAdditionOfMultipleItemsAndSequence -->
        <test-method signature="testEditTextOfItemPresentInList()[pri:0, instance:testScripts.HomePageTest@4f9a3314]" started-at="2023-03-31T17:30:24 IST" name="testEditTextOfItemPresentInList" finished-at="2023-03-31T17:30:27 IST" duration-ms="3791" status="PASS">
          <reporter-output>
          </reporter-output>
        </test-method> <!-- testEditTextOfItemPresentInList -->
        <test-method signature="testMarkItemAsCompletedAndClearFromList()[pri:0, instance:testScripts.HomePageTest@4f9a3314]" started-at="2023-03-31T17:30:28 IST" name="testMarkItemAsCompletedAndClearFromList" finished-at="2023-03-31T17:30:31 IST" duration-ms="3755" status="PASS">
          <reporter-output>
          </reporter-output>
        </test-method> <!-- testMarkItemAsCompletedAndClearFromList -->
        <test-method signature="testRemoveItemFromList()[pri:0, instance:testScripts.HomePageTest@4f9a3314]" started-at="2023-03-31T17:30:31 IST" name="testRemoveItemFromList" finished-at="2023-03-31T17:30:35 IST" duration-ms="3723" status="PASS">
          <reporter-output>
          </reporter-output>
        </test-method> <!-- testRemoveItemFromList -->
        <test-method signature="testToDoListAllowsDuplicateEntries()[pri:0, instance:testScripts.HomePageTest@4f9a3314]" started-at="2023-03-31T17:30:35 IST" name="testToDoListAllowsDuplicateEntries" finished-at="2023-03-31T17:30:39 IST" duration-ms="3424" status="PASS">
          <reporter-output>
          </reporter-output>
        </test-method> <!-- testToDoListAllowsDuplicateEntries -->
        <test-method signature="testToDoListContentPostPageRefresh()[pri:0, instance:testScripts.HomePageTest@4f9a3314]" started-at="2023-03-31T17:30:39 IST" name="testToDoListContentPostPageRefresh" finished-at="2023-03-31T17:30:42 IST" duration-ms="3376" status="PASS">
          <reporter-output>
          </reporter-output>
        </test-method> <!-- testToDoListContentPostPageRefresh -->
        <test-method is-config="true" signature="tearDown()[pri:0, instance:testScripts.HomePageTest@4f9a3314]" started-at="2023-03-31T17:30:43 IST" name="tearDown" finished-at="2023-03-31T17:30:43 IST" duration-ms="1" status="PASS">
          <reporter-output>
          </reporter-output>
        </test-method> <!-- tearDown -->
      </class> <!-- testScripts.HomePageTest -->
    </test> <!-- /Users/varsha.tiwari/Documents/Appium_Resources/ToDoAppUIAuotmation -->
  </suite> <!-- All Test Suite -->
</testng-results>
