<?xml version="1.0" encoding="UTF-8"?>
<testsuite xmlns:xsi="http://www.w3.org/2001/XMLSchema-instance" xsi:schemaLocation="https://maven.apache.org/surefire/maven-surefire-plugin/xsd/surefire-test-report.xsd" name="TestSuite" time="5.908" tests="2" errors="0" skipped="0" failures="1">
  <properties>
[...]
</properties>
  <testcase name="testAddSingleItemToTheList" classname="testScripts.HomePageTest" time="5.019"/>
  <testcase name="tearDown" classname="testScripts.HomePageTest" time="5.377">
    <failure message="The following asserts failed:&#10;	expected [true] but found [false]" type="java.lang.AssertionError">java.lang.AssertionError: 
The following asserts failed:
	expected [true] but found [false]
</failure>
    <system-out><![CDATA[PASSED: testAddSingleItemToTheList

===============================================
    /Users/varsha.tiwari/Documents/Appium_Resources/ToDoAppUIAuotmation
    Tests run: 1, Failures: 0, Skips: 0
===============================================

]]></system-out>
  </testcase>
</testsuite>