<?xml version="1.0" encoding="UTF-8"?>
<!-- Generated by org.testng.reporters.JUnitXMLReporter -->
<testsuite ignored="7" hostname="IN-IT7687" failures="0" tests="1" name="/Users/varsha.tiwari/Documents/Appium_Resources/ToDoAppUIAuotmation" time="0.579" errors="0" timestamp="2023-03-30T10:01:26 IST">
  <testcase classname="testScripts.HomePageTest" name="testAddMultipleItemsAndRemoveMultiple" time="0.0">
    <skipped/>
  </testcase> <!-- testAddMultipleItemsAndRemoveMultiple -->
  <testcase classname="testScripts.HomePageTest" name="testAddingEmptyString" time="0.0">
    <ignored/>
  </testcase> <!-- testAddingEmptyString -->
  <testcase classname="testScripts.HomePageTest" name="testMarkItemAsCompletedAndClearFromList" time="0.0">
    <ignored/>
  </testcase> <!-- testMarkItemAsCompletedAndClearFromList -->
  <testcase classname="testScripts.HomePageTest" name="testAddSingleItemToTheList" time="0.0">
    <ignored/>
  </testcase> <!-- testAddSingleItemToTheList -->
  <testcase classname="testScripts.HomePageTest" name="testEditTextOfItemPresentInList" time="0.0">
    <ignored/>
  </testcase> <!-- testEditTextOfItemPresentInList -->
  <testcase classname="testScripts.HomePageTest" name="testAddingStringWithTrailingSpaces" time="0.0">
    <ignored/>
  </testcase> <!-- testAddingStringWithTrailingSpaces -->
  <testcase classname="testScripts.HomePageTest" name="testRemoveItemFromList" time="0.0">
    <ignored/>
  </testcase> <!-- testRemoveItemFromList -->
  <testcase classname="testScripts.HomePageTest" name="testAdditionOfMultipleItemsAndSequence" time="0.0">
    <ignored/>
  </testcase> <!-- testAdditionOfMultipleItemsAndSequence -->
</testsuite> <!-- /Users/varsha.tiwari/Documents/Appium_Resources/ToDoAppUIAuotmation -->
