<?xml version="1.0" encoding="UTF-8"?>
<!-- Generated by org.testng.reporters.JUnitXMLReporter -->
<testsuite ignored="0" hostname="IN-IT7687" failures="0" tests="11" name="/Users/varsha.tiwari/Documents/Appium_Resources/ToDoAppUIAuotmation" time="147.08" errors="0" timestamp="2023-04-01T15:58:24 IST">
  <testcase classname="testScripts.HomePageTest" name="testAddMultipleItemsAndMarkMultipleAsDone" time="18.295">
    <skipped/>
  </testcase> <!-- testAddMultipleItemsAndMarkMultipleAsDone -->
  <testcase classname="testScripts.HomePageTest" name="testAddMultipleItemsAndMarkMultipleAsDone" time="12.788"/>
  <testcase classname="testScripts.HomePageTest" name="testAddSingleItemToTheList" time="10.723"/>
  <testcase classname="testScripts.HomePageTest" name="testAddingEmptyString" time="11.191"/>
  <testcase classname="testScripts.HomePageTest" name="testAddingStringWithTrailingSpaces" time="11.132"/>
  <testcase classname="testScripts.HomePageTest" name="testAdditionOfMultipleItemsAndSequence" time="11.676"/>
  <testcase classname="testScripts.HomePageTest" name="testEditTextOfItemPresentInList" time="10.833"/>
  <testcase classname="testScripts.HomePageTest" name="testMarkItemAsCompletedAndClearFromList" time="9.541"/>
  <testcase classname="testScripts.HomePageTest" name="testRemoveItemFromList" time="10.051"/>
  <testcase classname="testScripts.HomePageTest" name="testToDoListAllowsDuplicateEntries" time="11.968"/>
  <testcase classname="testScripts.HomePageTest" name="testToDoListContentPostPageRefresh" time="10.038"/>
</testsuite> <!-- /Users/varsha.tiwari/Documents/Appium_Resources/ToDoAppUIAuotmation -->
